<?xml version="1.0" encoding="UTF-8"?>
<!-- Generated by org.testng.reporters.JUnitReportReporter -->
<testsuite name="testng.DataPrd" tests="3" time="0.015" ignored="0" failures="0" timestamp="06 Feb 2018 08:56:51 GMT" skipped="0" hostname="D-113156291" errors="0">
  <testcase name="stest1" time="0.015" classname="testng.DataPrd"/>
  <testcase name="stest1" time="0.000" classname="testng.DataPrd"/>
  <testcase name="stest1" time="0.000" classname="testng.DataPrd"/>
</testsuite> <!-- testng.DataPrd -->
